/*C3*/SET SCHEMA PUBLIC
CREATE TABLE ids (\u000a  id int PRIMARY KEY,\u000a  table_name varchar(50),\u000a  id_value int\u000a)
/*C4*/SET SCHEMA PUBLIC
DISCONNECT
/*C3*/DISCONNECT
/*C6*/SET SCHEMA PUBLIC
CREATE TABLE universe (\u000a  id int primary key,\u000a  name varchar(100),\u000a  description VARCHAR(1024),\u000a  un_table varchar(100) NOT NULL\u000a)
/*C7*/SET SCHEMA PUBLIC
DISCONNECT
/*C5*/SET SCHEMA PUBLIC
DISCONNECT
/*C6*/CREATE TABLE accounts (\u000a  id int primary key,\u000a  first_name varchar(50) NOT NULL,\u000a  last_name varchar(50) NOT NULL,\u000a  birthday date NOT NULL,\u000a  email varchar(100) NOT NULL,\u000a  proffession varchar(50),\u000a  hobbies VARCHAR(1024),\u000a  universe int,\u000a  login varchar(100) NOT NULL,\u000a  password varchar(100) NOT NULL,\u000a  CONSTRAINT universe_Constraint FOREIGN KEY (universe) REFERENCES UNIVERSE(ID)\u000a)
/*C8*/SET SCHEMA PUBLIC
DISCONNECT
/*C10*/SET SCHEMA PUBLIC
DISCONNECT
/*C9*/SET SCHEMA PUBLIC
INSERT INTO IDS VALUES(1,'accounts',1)
COMMIT
INSERT INTO IDS VALUES(2,'universe',1)
COMMIT
DISCONNECT
/*C6*/DISCONNECT
